<?xml version="1.0" encoding="UTF-8"?>
<Site BuildName="(empty)"
	BuildStamp="20251204-0023-Experimental"
	Name="(empty)"
	Generator="ctest-4.0.3"
	CompilerName=""
	CompilerVersion=""
	OSName="Windows"
	Hostname="Chases_laptop"
	OSRelease=" Personal"
	OSVersion=" (Build 9200)"
	OSPlatform="AMD64"
	Is64Bits="1"
	VendorString=""
	VendorID="Unknown Manufacturer"
	FamilyID="0"
	ModelID="0"
	ModelName=""
	ProcessorCacheSize="0"
	NumberOfLogicalCPU="20"
	NumberOfPhysicalCPU="14"
	TotalVirtualMemory="67231"
	TotalPhysicalMemory="32452"
	LogicalProcessorsPerPhysical="1"
	ProcessorClockFrequency="2995"
	>
	<Testing>
		<StartDateTime>Dec 03 19:23 Eastern Standard Time</StartDateTime>
		<StartTestTime>1764807822</StartTestTime>
		<TestList/>
		<EndDateTime>Dec 03 19:23 Eastern Standard Time</EndDateTime>
		<EndTestTime>1764807822</EndTestTime>
		<ElapsedMinutes>0</ElapsedMinutes>
	</Testing>
</Site>
